<?xml version="1.0" encoding="UTF-8"?>
<testng-results skipped="0" failed="0" ignored="0" total="1" passed="1">
  <reporter-output>
  </reporter-output>
  <suite name="Suite" duration-ms="14039" started-at="2021-02-06T16:05:23 IST" finished-at="2021-02-06T16:05:37 IST">
    <groups>
    </groups>
    <test name="Test" duration-ms="14039" started-at="2021-02-06T16:05:23 IST" finished-at="2021-02-06T16:05:37 IST">
      <class name="TestScript.TestDriver">
        <test-method status="PASS" signature="startBrowser()[pri:0, instance:TestScript.TestDriver@4eb7f003]" name="startBrowser" is-config="true" duration-ms="13985" started-at="2021-02-06T16:05:23 IST" finished-at="2021-02-06T16:05:37 IST">
          <reporter-output>
          </reporter-output>
        </test-method> <!-- startBrowser -->
        <test-method status="PASS" signature="testTitle()[pri:0, instance:TestScript.TestDriver@4eb7f003]" name="testTitle" duration-ms="10" started-at="2021-02-06T16:05:37 IST" finished-at="2021-02-06T16:05:37 IST">
          <reporter-output>
          </reporter-output>
        </test-method> <!-- testTitle -->
      </class> <!-- TestScript.TestDriver -->
    </test> <!-- Test -->
  </suite> <!-- Suite -->
</testng-results>
